  [1m[35m (194.5ms)[0m  [1m[35mCREATE DATABASE "cats_development" ENCODING = 'unicode'[0m
  ↳ bin/rails:9
  [1m[35m (56.8ms)[0m  [1m[35mCREATE DATABASE "cats_test" ENCODING = 'unicode'[0m
  ↳ bin/rails:9
  [1m[35m (19.1ms)[0m  [1m[35mCREATE TABLE "schema_migrations" ("version" character varying NOT NULL PRIMARY KEY)[0m
  ↳ bin/rails:9
  [1m[35m (4.1ms)[0m  [1m[35mCREATE TABLE "ar_internal_metadata" ("key" character varying NOT NULL PRIMARY KEY, "value" character varying, "created_at" timestamp NOT NULL, "updated_at" timestamp NOT NULL)[0m
  ↳ bin/rails:9
  [1m[35m (0.7ms)[0m  [1m[34mSELECT pg_try_advisory_lock(782232805093510260)[0m
  ↳ bin/rails:9
  [1m[35m (0.8ms)[0m  [1m[34mSELECT "schema_migrations"."version" FROM "schema_migrations" ORDER BY "schema_migrations"."version" ASC[0m
  ↳ bin/rails:9
Migrating to CreateCats (20200619184417)
  [1m[35m (0.2ms)[0m  [1m[35mBEGIN[0m
  ↳ bin/rails:9
  [1m[35m (12.7ms)[0m  [1m[35mCREATE TABLE "cats" ("id" bigserial primary key, "birth_date" date NOT NULL, "color" character varying NOT NULL, "name" character varying NOT NULL, "sex" character varying(1) NOT NULL, "description" text NOT NULL, "created_at" timestamp NOT NULL, "updated_at" timestamp NOT NULL)[0m
  ↳ db/migrate/20200619184417_create_cats.rb:3
  [1m[36mActiveRecord::SchemaMigration Create (0.9ms)[0m  [1m[32mINSERT INTO "schema_migrations" ("version") VALUES ($1) RETURNING "version"[0m  [["version", "20200619184417"]]
  ↳ bin/rails:9
  [1m[35m (0.5ms)[0m  [1m[35mCOMMIT[0m
  ↳ bin/rails:9
  [1m[36mActiveRecord::InternalMetadata Load (0.7ms)[0m  [1m[34mSELECT  "ar_internal_metadata".* FROM "ar_internal_metadata" WHERE "ar_internal_metadata"."key" = $1 LIMIT $2[0m  [["key", "environment"], ["LIMIT", 1]]
  ↳ bin/rails:9
  [1m[35m (0.2ms)[0m  [1m[35mBEGIN[0m
  ↳ bin/rails:9
  [1m[36mActiveRecord::InternalMetadata Create (1.1ms)[0m  [1m[32mINSERT INTO "ar_internal_metadata" ("key", "value", "created_at", "updated_at") VALUES ($1, $2, $3, $4) RETURNING "key"[0m  [["key", "environment"], ["value", "development"], ["created_at", "2020-06-19 18:51:20.222781"], ["updated_at", "2020-06-19 18:51:20.222781"]]
  ↳ bin/rails:9
  [1m[35m (0.4ms)[0m  [1m[35mCOMMIT[0m
  ↳ bin/rails:9
  [1m[35m (0.3ms)[0m  [1m[34mSELECT pg_advisory_unlock(782232805093510260)[0m
  ↳ bin/rails:9
  [1m[35m (0.6ms)[0m  [1m[34mSELECT "schema_migrations"."version" FROM "schema_migrations" ORDER BY "schema_migrations"."version" ASC[0m
  ↳ bin/rails:9
  [1m[35m (0.7ms)[0m  [1m[34mSELECT "schema_migrations"."version" FROM "schema_migrations" ORDER BY "schema_migrations"."version" ASC[0m
  ↳ /Users/pure/.rbenv/versions/2.5.1/bin/annotate:23
  [1m[35m (0.7ms)[0m  [1m[34mSELECT "schema_migrations"."version" FROM "schema_migrations" ORDER BY "schema_migrations"."version" ASC[0m
  ↳ bin/rails:9
  [1m[35m (0.8ms)[0m  [1m[34mSELECT "schema_migrations"."version" FROM "schema_migrations" ORDER BY "schema_migrations"."version" ASC[0m
  ↳ bin/rails:9
  [1m[35m (0.3ms)[0m  [1m[35mBEGIN[0m
  ↳ db/seeds.rb:8
  [1m[36mCat Load (0.6ms)[0m  [1m[34mSELECT "cats".* FROM "cats"[0m
  ↳ db/seeds.rb:9
  [1m[36mCat Create (0.8ms)[0m  [1m[32mINSERT INTO "cats" ("birth_date", "color", "name", "sex", "description", "created_at", "updated_at") VALUES ($1, $2, $3, $4, $5, $6, $7) RETURNING "id"[0m  [["birth_date", "2001-02-03"], ["color", "Orange"], ["name", "bob"], ["sex", "M"], ["description", "He loves balls of yarn and gently belly rubs"], ["created_at", "2020-06-19 19:12:44.653988"], ["updated_at", "2020-06-19 19:12:44.653988"]]
  ↳ db/seeds.rb:11
  [1m[36mCat Create (0.2ms)[0m  [1m[32mINSERT INTO "cats" ("birth_date", "color", "name", "sex", "description", "created_at", "updated_at") VALUES ($1, $2, $3, $4, $5, $6, $7) RETURNING "id"[0m  [["birth_date", "2010-06-19"], ["color", "Black"], ["name", "sam"], ["sex", "M"], ["description", "Sam likes to be read to before bed"], ["created_at", "2020-06-19 19:12:44.656006"], ["updated_at", "2020-06-19 19:12:44.656006"]]
  ↳ db/seeds.rb:13
  [1m[36mCat Create (0.2ms)[0m  [1m[32mINSERT INTO "cats" ("birth_date", "color", "name", "sex", "description", "created_at", "updated_at") VALUES ($1, $2, $3, $4, $5, $6, $7) RETURNING "id"[0m  [["birth_date", "2018-04-08"], ["color", "Brown"], ["name", "jill"], ["sex", "F"], ["description", "She loves balls of yarn and warm milk"], ["created_at", "2020-06-19 19:12:44.656962"], ["updated_at", "2020-06-19 19:12:44.656962"]]
  ↳ db/seeds.rb:15
  [1m[35m (0.7ms)[0m  [1m[35mCOMMIT[0m
  ↳ db/seeds.rb:8
  [1m[36mCat Load (0.8ms)[0m  [1m[34mSELECT "cats".* FROM "cats"[0m
Started GET "/cats" for ::1 at 2020-06-19 15:14:05 -0400
  [1m[35m (1.2ms)[0m  [1m[34mSELECT "schema_migrations"."version" FROM "schema_migrations" ORDER BY "schema_migrations"."version" ASC[0m
  ↳ /Users/pure/.rbenv/versions/2.5.1/lib/ruby/gems/2.5.0/gems/activerecord-5.2.4.3/lib/active_record/log_subscriber.rb:98
Processing by CatsController#index as */*
Completed 500 Internal Server Error in 185ms (ActiveRecord: 0.0ms)



ActionView::MissingTemplate - Missing template cats/index, application/index with {:locale=>[:en], :formats=>[:html, :text, :js, :css, :ics, :csv, :vcf, :vtt, :png, :jpeg, :gif, :bmp, :tiff, :svg, :mpeg, :mp3, :ogg, :m4a, :webm, :mp4, :otf, :ttf, :woff, :woff2, :xml, :rss, :atom, :yaml, :multipart_form, :url_encoded_form, :json, :pdf, :zip, :gzip], :variants=>[], :handlers=>[:raw, :erb, :html, :builder, :ruby, :coffee, :jbuilder]}. Searched in:
  * "/Users/pure/Desktop/app.academy/projects/W6D5/cats/app/views"
:
  app/controllers/cats_controller.rb:4:in `index'

Started GET "/cat" for ::1 at 2020-06-19 15:14:54 -0400
  
ActionController::RoutingError (No route matches [GET] "/cat"):
  
actionpack (5.2.4.3) lib/action_dispatch/middleware/debug_exceptions.rb:65:in `call'
web-console (3.7.0) lib/web_console/middleware.rb:135:in `call_app'
web-console (3.7.0) lib/web_console/middleware.rb:30:in `block in call'
web-console (3.7.0) lib/web_console/middleware.rb:20:in `catch'
web-console (3.7.0) lib/web_console/middleware.rb:20:in `call'
actionpack (5.2.4.3) lib/action_dispatch/middleware/show_exceptions.rb:33:in `call'
railties (5.2.4.3) lib/rails/rack/logger.rb:38:in `call_app'
railties (5.2.4.3) lib/rails/rack/logger.rb:26:in `block in call'
activesupport (5.2.4.3) lib/active_support/tagged_logging.rb:71:in `block in tagged'
activesupport (5.2.4.3) lib/active_support/tagged_logging.rb:28:in `tagged'
activesupport (5.2.4.3) lib/active_support/tagged_logging.rb:71:in `tagged'
railties (5.2.4.3) lib/rails/rack/logger.rb:26:in `call'
sprockets-rails (3.2.1) lib/sprockets/rails/quiet_assets.rb:13:in `call'
actionpack (5.2.4.3) lib/action_dispatch/middleware/remote_ip.rb:81:in `call'
actionpack (5.2.4.3) lib/action_dispatch/middleware/request_id.rb:27:in `call'
rack (2.2.3) lib/rack/method_override.rb:24:in `call'
rack (2.2.3) lib/rack/runtime.rb:22:in `call'
activesupport (5.2.4.3) lib/active_support/cache/strategy/local_cache_middleware.rb:29:in `call'
actionpack (5.2.4.3) lib/action_dispatch/middleware/executor.rb:14:in `call'
actionpack (5.2.4.3) lib/action_dispatch/middleware/static.rb:127:in `call'
rack (2.2.3) lib/rack/sendfile.rb:110:in `call'
railties (5.2.4.3) lib/rails/engine.rb:524:in `call'
puma (3.12.6) lib/puma/configuration.rb:227:in `call'
puma (3.12.6) lib/puma/server.rb:706:in `handle_request'
puma (3.12.6) lib/puma/server.rb:476:in `process_client'
puma (3.12.6) lib/puma/server.rb:334:in `block in run'
puma (3.12.6) lib/puma/thread_pool.rb:135:in `block in spawn_thread'
Started GET "/cats" for ::1 at 2020-06-19 15:15:09 -0400
Processing by CatsController#index as */*
Completed 500 Internal Server Error in 152ms (ActiveRecord: 0.0ms)



ActionView::MissingTemplate - Missing template cats/index, application/index with {:locale=>[:en], :formats=>[:html, :text, :js, :css, :ics, :csv, :vcf, :vtt, :png, :jpeg, :gif, :bmp, :tiff, :svg, :mpeg, :mp3, :ogg, :m4a, :webm, :mp4, :otf, :ttf, :woff, :woff2, :xml, :rss, :atom, :yaml, :multipart_form, :url_encoded_form, :json, :pdf, :zip, :gzip], :variants=>[], :handlers=>[:raw, :erb, :html, :builder, :ruby, :coffee, :jbuilder]}. Searched in:
  * "/Users/pure/Desktop/app.academy/projects/W6D5/cats/app/views"
:
  app/controllers/cats_controller.rb:4:in `index'

Started GET "/cats" for ::1 at 2020-06-19 15:15:38 -0400
Processing by CatsController#index as */*
Completed 500 Internal Server Error in 155ms (ActiveRecord: 0.0ms)



ActionView::MissingTemplate - Missing template cats/index, application/index with {:locale=>[:en], :formats=>[:html, :text, :js, :css, :ics, :csv, :vcf, :vtt, :png, :jpeg, :gif, :bmp, :tiff, :svg, :mpeg, :mp3, :ogg, :m4a, :webm, :mp4, :otf, :ttf, :woff, :woff2, :xml, :rss, :atom, :yaml, :multipart_form, :url_encoded_form, :json, :pdf, :zip, :gzip], :variants=>[], :handlers=>[:raw, :erb, :html, :builder, :ruby, :coffee, :jbuilder]}. Searched in:
  * "/Users/pure/Desktop/app.academy/projects/W6D5/cats/app/views"
:
  app/controllers/cats_controller.rb:4:in `index'

Started GET "/cat/1" for ::1 at 2020-06-19 15:19:12 -0400
  [1m[35m (1.3ms)[0m  [1m[34mSELECT "schema_migrations"."version" FROM "schema_migrations" ORDER BY "schema_migrations"."version" ASC[0m
  ↳ /Users/pure/.rbenv/versions/2.5.1/lib/ruby/gems/2.5.0/gems/activerecord-5.2.4.3/lib/active_record/log_subscriber.rb:98
  
ActionController::RoutingError (No route matches [GET] "/cat/1"):
  
actionpack (5.2.4.3) lib/action_dispatch/middleware/debug_exceptions.rb:65:in `call'
web-console (3.7.0) lib/web_console/middleware.rb:135:in `call_app'
web-console (3.7.0) lib/web_console/middleware.rb:30:in `block in call'
web-console (3.7.0) lib/web_console/middleware.rb:20:in `catch'
web-console (3.7.0) lib/web_console/middleware.rb:20:in `call'
actionpack (5.2.4.3) lib/action_dispatch/middleware/show_exceptions.rb:33:in `call'
railties (5.2.4.3) lib/rails/rack/logger.rb:38:in `call_app'
railties (5.2.4.3) lib/rails/rack/logger.rb:26:in `block in call'
activesupport (5.2.4.3) lib/active_support/tagged_logging.rb:71:in `block in tagged'
activesupport (5.2.4.3) lib/active_support/tagged_logging.rb:28:in `tagged'
activesupport (5.2.4.3) lib/active_support/tagged_logging.rb:71:in `tagged'
railties (5.2.4.3) lib/rails/rack/logger.rb:26:in `call'
sprockets-rails (3.2.1) lib/sprockets/rails/quiet_assets.rb:13:in `call'
actionpack (5.2.4.3) lib/action_dispatch/middleware/remote_ip.rb:81:in `call'
actionpack (5.2.4.3) lib/action_dispatch/middleware/request_id.rb:27:in `call'
rack (2.2.3) lib/rack/method_override.rb:24:in `call'
rack (2.2.3) lib/rack/runtime.rb:22:in `call'
activesupport (5.2.4.3) lib/active_support/cache/strategy/local_cache_middleware.rb:29:in `call'
actionpack (5.2.4.3) lib/action_dispatch/middleware/executor.rb:14:in `call'
actionpack (5.2.4.3) lib/action_dispatch/middleware/static.rb:127:in `call'
rack (2.2.3) lib/rack/sendfile.rb:110:in `call'
railties (5.2.4.3) lib/rails/engine.rb:524:in `call'
puma (3.12.6) lib/puma/configuration.rb:227:in `call'
puma (3.12.6) lib/puma/server.rb:706:in `handle_request'
puma (3.12.6) lib/puma/server.rb:476:in `process_client'
puma (3.12.6) lib/puma/server.rb:334:in `block in run'
puma (3.12.6) lib/puma/thread_pool.rb:135:in `block in spawn_thread'
Started GET "/cats/1" for ::1 at 2020-06-19 15:19:20 -0400
Processing by CatsController#show as */*
  Parameters: {"id"=>"1"}
  [1m[36mCat Load (0.5ms)[0m  [1m[34mSELECT  "cats".* FROM "cats" WHERE "cats"."id" = $1 LIMIT $2[0m  [["id", 1], ["LIMIT", 1]]
  ↳ app/controllers/cats_controller.rb:8
Completed 500 Internal Server Error in 166ms (ActiveRecord: 9.1ms)



ActionView::MissingTemplate - Missing template cats/show, application/show with {:locale=>[:en], :formats=>[:html, :text, :js, :css, :ics, :csv, :vcf, :vtt, :png, :jpeg, :gif, :bmp, :tiff, :svg, :mpeg, :mp3, :ogg, :m4a, :webm, :mp4, :otf, :ttf, :woff, :woff2, :xml, :rss, :atom, :yaml, :multipart_form, :url_encoded_form, :json, :pdf, :zip, :gzip], :variants=>[], :handlers=>[:raw, :erb, :html, :builder, :ruby, :coffee, :jbuilder]}. Searched in:
  * "/Users/pure/Desktop/app.academy/projects/W6D5/cats/app/views"
:
  app/controllers/cats_controller.rb:9:in `show'

Started GET "/cats/1" for ::1 at 2020-06-19 15:21:29 -0400
Processing by CatsController#show as */*
  Parameters: {"id"=>"1"}
  [1m[36mCat Load (0.4ms)[0m  [1m[34mSELECT  "cats".* FROM "cats" WHERE "cats"."id" = $1 LIMIT $2[0m  [["id", 1], ["LIMIT", 1]]
  ↳ app/controllers/cats_controller.rb:8
Completed 500 Internal Server Error in 155ms (ActiveRecord: 0.4ms)



ActionView::MissingTemplate - Missing template cats/show, application/show with {:locale=>[:en], :formats=>[:html, :text, :js, :css, :ics, :csv, :vcf, :vtt, :png, :jpeg, :gif, :bmp, :tiff, :svg, :mpeg, :mp3, :ogg, :m4a, :webm, :mp4, :otf, :ttf, :woff, :woff2, :xml, :rss, :atom, :yaml, :multipart_form, :url_encoded_form, :json, :pdf, :zip, :gzip], :variants=>[], :handlers=>[:raw, :erb, :html, :builder, :ruby, :coffee, :jbuilder]}. Searched in:
  * "/Users/pure/Desktop/app.academy/projects/W6D5/cats/app/views"
:
  app/controllers/cats_controller.rb:9:in `show'

Started GET "/cats" for ::1 at 2020-06-19 15:21:37 -0400
Processing by CatsController#index as */*
  Rendering cats/index.html.erb within layouts/application
  [1m[36mCat Load (1.3ms)[0m  [1m[34mSELECT "cats".* FROM "cats"[0m
  ↳ app/views/cats/index.html.erb:4
  Rendered cats/index.html.erb within layouts/application (15.1ms)
Completed 200 OK in 707ms (Views: 705.1ms | ActiveRecord: 1.3ms)


Started GET "/cats" for ::1 at 2020-06-19 15:21:57 -0400
Processing by CatsController#index as HTML
  Rendering cats/index.html.erb within layouts/application
  [1m[36mCat Load (0.4ms)[0m  [1m[34mSELECT "cats".* FROM "cats"[0m
  ↳ app/views/cats/index.html.erb:4
  Rendered cats/index.html.erb within layouts/application (1.7ms)
Completed 200 OK in 37ms (Views: 36.1ms | ActiveRecord: 0.4ms)


Started GET "/cats/2" for ::1 at 2020-06-19 15:22:00 -0400
Processing by CatsController#show as HTML
  Parameters: {"id"=>"2"}
  [1m[36mCat Load (1.7ms)[0m  [1m[34mSELECT  "cats".* FROM "cats" WHERE "cats"."id" = $1 LIMIT $2[0m  [["id", 2], ["LIMIT", 1]]
  ↳ app/controllers/cats_controller.rb:8
Completed 500 Internal Server Error in 18ms (ActiveRecord: 2.0ms)



ActionView::MissingTemplate - Missing template cats/show, application/show with {:locale=>[:en], :formats=>[:html], :variants=>[], :handlers=>[:raw, :erb, :html, :builder, :ruby, :coffee, :jbuilder]}. Searched in:
  * "/Users/pure/Desktop/app.academy/projects/W6D5/cats/app/views"
:
  app/controllers/cats_controller.rb:9:in `show'

Started POST "/__better_errors/785e5fe7992d784b/variables" for ::1 at 2020-06-19 15:22:00 -0400
Started GET "/cats" for ::1 at 2020-06-19 15:22:04 -0400
Processing by CatsController#index as HTML
  Rendering cats/index.html.erb within layouts/application
  [1m[36mCat Load (0.7ms)[0m  [1m[34mSELECT "cats".* FROM "cats"[0m
  ↳ app/views/cats/index.html.erb:4
  Rendered cats/index.html.erb within layouts/application (3.0ms)
Completed 200 OK in 56ms (Views: 54.0ms | ActiveRecord: 0.7ms)


Started GET "/" for 127.0.0.1 at 2020-06-19 15:22:19 -0400
Processing by Rails::WelcomeController#index as HTML
  Rendering /Users/pure/.rbenv/versions/2.5.1/lib/ruby/gems/2.5.0/gems/railties-5.2.4.3/lib/rails/templates/rails/welcome/index.html.erb
  Rendered /Users/pure/.rbenv/versions/2.5.1/lib/ruby/gems/2.5.0/gems/railties-5.2.4.3/lib/rails/templates/rails/welcome/index.html.erb (2.0ms)
Completed 200 OK in 12ms (Views: 6.7ms | ActiveRecord: 0.0ms)


Started GET "/cats" for 127.0.0.1 at 2020-06-19 15:22:25 -0400
Processing by CatsController#index as HTML
  Rendering cats/index.html.erb within layouts/application
  [1m[36mCat Load (0.4ms)[0m  [1m[34mSELECT "cats".* FROM "cats"[0m
  ↳ app/views/cats/index.html.erb:4
  Rendered cats/index.html.erb within layouts/application (2.5ms)
Completed 200 OK in 38ms (Views: 37.3ms | ActiveRecord: 0.4ms)


Started GET "/cats/1" for ::1 at 2020-06-19 15:31:35 -0400
Processing by CatsController#show as HTML
  Parameters: {"id"=>"1"}
  [1m[36mCat Load (0.9ms)[0m  [1m[34mSELECT  "cats".* FROM "cats" WHERE "cats"."id" = $1 LIMIT $2[0m  [["id", 1], ["LIMIT", 1]]
  ↳ app/controllers/cats_controller.rb:8
Completed 500 Internal Server Error in 13ms (ActiveRecord: 1.2ms)



ActionView::MissingTemplate - Missing template cats/show, application/show with {:locale=>[:en], :formats=>[:html], :variants=>[], :handlers=>[:raw, :erb, :html, :builder, :ruby, :coffee, :jbuilder]}. Searched in:
  * "/Users/pure/Desktop/app.academy/projects/W6D5/cats/app/views"
:
  app/controllers/cats_controller.rb:9:in `show'

Started POST "/__better_errors/30498e74e2c6877e/variables" for ::1 at 2020-06-19 15:31:35 -0400
Started GET "/cats/1" for ::1 at 2020-06-19 15:32:18 -0400
Processing by CatsController#show as HTML
  Parameters: {"id"=>"1"}
  [1m[36mCat Load (0.4ms)[0m  [1m[34mSELECT  "cats".* FROM "cats" WHERE "cats"."id" = $1 LIMIT $2[0m  [["id", 1], ["LIMIT", 1]]
  ↳ app/controllers/cats_controller.rb:8
Completed 500 Internal Server Error in 13ms (ActiveRecord: 0.4ms)



ActionView::MissingTemplate - Missing template cats/show, application/show with {:locale=>[:en], :formats=>[:html], :variants=>[], :handlers=>[:raw, :erb, :html, :builder, :ruby, :coffee, :jbuilder]}. Searched in:
  * "/Users/pure/Desktop/app.academy/projects/W6D5/cats/app/views"
:
  app/controllers/cats_controller.rb:9:in `show'

Started POST "/__better_errors/49e47f6c4c0b39b3/variables" for ::1 at 2020-06-19 15:32:18 -0400
Started GET "/cats/1" for ::1 at 2020-06-19 15:32:22 -0400
Processing by CatsController#show as HTML
  Parameters: {"id"=>"1"}
  [1m[36mCat Load (0.5ms)[0m  [1m[34mSELECT  "cats".* FROM "cats" WHERE "cats"."id" = $1 LIMIT $2[0m  [["id", 1], ["LIMIT", 1]]
  ↳ app/controllers/cats_controller.rb:8
Completed 500 Internal Server Error in 13ms (ActiveRecord: 0.5ms)



ActionView::MissingTemplate - Missing template cats/show, application/show with {:locale=>[:en], :formats=>[:html], :variants=>[], :handlers=>[:raw, :erb, :html, :builder, :ruby, :coffee, :jbuilder]}. Searched in:
  * "/Users/pure/Desktop/app.academy/projects/W6D5/cats/app/views"
:
  app/controllers/cats_controller.rb:9:in `show'

Started POST "/__better_errors/d3c1ba4f02c44f01/variables" for ::1 at 2020-06-19 15:32:22 -0400
Started GET "/cats/" for ::1 at 2020-06-19 15:32:47 -0400
Processing by CatsController#index as HTML
  Rendering cats/index.html.erb within layouts/application
  [1m[36mCat Load (0.6ms)[0m  [1m[34mSELECT "cats".* FROM "cats"[0m
  ↳ app/views/cats/index.html.erb:4
  Rendered cats/index.html.erb within layouts/application (4.4ms)
Completed 200 OK in 38ms (Views: 36.8ms | ActiveRecord: 0.6ms)


Started GET "/cats/2" for ::1 at 2020-06-19 15:33:06 -0400
Processing by CatsController#show as HTML
  Parameters: {"id"=>"2"}
  [1m[36mCat Load (1.5ms)[0m  [1m[34mSELECT  "cats".* FROM "cats" WHERE "cats"."id" = $1 LIMIT $2[0m  [["id", 2], ["LIMIT", 1]]
  ↳ app/controllers/cats_controller.rb:8
  Rendering cats/show.html.erb within layouts/application
  Rendered cats/show.html.erb within layouts/application (0.5ms)
Completed 200 OK in 47ms (Views: 42.2ms | ActiveRecord: 1.5ms)


Started GET "/cats/3" for ::1 at 2020-06-19 15:33:17 -0400
Processing by CatsController#show as HTML
  Parameters: {"id"=>"3"}
  [1m[36mCat Load (0.4ms)[0m  [1m[34mSELECT  "cats".* FROM "cats" WHERE "cats"."id" = $1 LIMIT $2[0m  [["id", 3], ["LIMIT", 1]]
  ↳ app/controllers/cats_controller.rb:8
  Rendering cats/show.html.erb within layouts/application
  Rendered cats/show.html.erb within layouts/application (0.5ms)
Completed 200 OK in 32ms (Views: 30.1ms | ActiveRecord: 0.4ms)


Started GET "/cats/1" for ::1 at 2020-06-19 15:33:21 -0400
Processing by CatsController#show as HTML
  Parameters: {"id"=>"1"}
  [1m[36mCat Load (0.9ms)[0m  [1m[34mSELECT  "cats".* FROM "cats" WHERE "cats"."id" = $1 LIMIT $2[0m  [["id", 1], ["LIMIT", 1]]
  ↳ app/controllers/cats_controller.rb:8
  Rendering cats/show.html.erb within layouts/application
  Rendered cats/show.html.erb within layouts/application (1.6ms)
Completed 200 OK in 40ms (Views: 36.5ms | ActiveRecord: 0.9ms)


Started GET "/cats/3" for ::1 at 2020-06-19 15:33:29 -0400
Processing by CatsController#show as HTML
  Parameters: {"id"=>"3"}
  [1m[36mCat Load (0.5ms)[0m  [1m[34mSELECT  "cats".* FROM "cats" WHERE "cats"."id" = $1 LIMIT $2[0m  [["id", 3], ["LIMIT", 1]]
  ↳ app/controllers/cats_controller.rb:8
  Rendering cats/show.html.erb within layouts/application
  Rendered cats/show.html.erb within layouts/application (0.6ms)
Completed 200 OK in 39ms (Views: 36.5ms | ActiveRecord: 0.5ms)


Started GET "/cats" for ::1 at 2020-06-19 16:13:44 -0400
Processing by CatsController#index as HTML
Completed 500 Internal Server Error in 13ms (ActiveRecord: 0.0ms)



NameError - uninitialized constant Cat::COLORS:
  app/models/cat.rb:15:in `<class:Cat>'
  app/models/cat.rb:14:in `<top (required)>'
  app/controllers/cats_controller.rb:3:in `index'

Started POST "/__better_errors/fe3fbc541eba7eb3/variables" for ::1 at 2020-06-19 16:13:44 -0400
Started GET "/cats" for ::1 at 2020-06-19 16:15:08 -0400
Processing by CatsController#index as HTML
  Rendering cats/index.html.erb within layouts/application
  [1m[36mCat Load (0.9ms)[0m  [1m[34mSELECT "cats".* FROM "cats"[0m
  ↳ app/views/cats/index.html.erb:4
  Rendered cats/index.html.erb within layouts/application (26.6ms)
Completed 200 OK in 69ms (Views: 52.0ms | ActiveRecord: 14.7ms)


Started GET "/cats/2" for ::1 at 2020-06-19 16:15:11 -0400
Processing by CatsController#show as HTML
  Parameters: {"id"=>"2"}
  [1m[36mCat Load (0.6ms)[0m  [1m[34mSELECT  "cats".* FROM "cats" WHERE "cats"."id" = $1 LIMIT $2[0m  [["id", 2], ["LIMIT", 1]]
  ↳ app/controllers/cats_controller.rb:8
  Rendering cats/show.html.erb within layouts/application
  Rendered cats/show.html.erb within layouts/application (1.1ms)
Completed 200 OK in 57ms (Views: 52.8ms | ActiveRecord: 0.9ms)


Started GET "/cat/new" for ::1 at 2020-06-19 16:15:17 -0400
  
ActionController::RoutingError (No route matches [GET] "/cat/new"):
  
actionpack (5.2.4.3) lib/action_dispatch/middleware/debug_exceptions.rb:65:in `call'
web-console (3.7.0) lib/web_console/middleware.rb:135:in `call_app'
web-console (3.7.0) lib/web_console/middleware.rb:30:in `block in call'
web-console (3.7.0) lib/web_console/middleware.rb:20:in `catch'
web-console (3.7.0) lib/web_console/middleware.rb:20:in `call'
actionpack (5.2.4.3) lib/action_dispatch/middleware/show_exceptions.rb:33:in `call'
railties (5.2.4.3) lib/rails/rack/logger.rb:38:in `call_app'
railties (5.2.4.3) lib/rails/rack/logger.rb:26:in `block in call'
activesupport (5.2.4.3) lib/active_support/tagged_logging.rb:71:in `block in tagged'
activesupport (5.2.4.3) lib/active_support/tagged_logging.rb:28:in `tagged'
activesupport (5.2.4.3) lib/active_support/tagged_logging.rb:71:in `tagged'
railties (5.2.4.3) lib/rails/rack/logger.rb:26:in `call'
sprockets-rails (3.2.1) lib/sprockets/rails/quiet_assets.rb:13:in `call'
actionpack (5.2.4.3) lib/action_dispatch/middleware/remote_ip.rb:81:in `call'
actionpack (5.2.4.3) lib/action_dispatch/middleware/request_id.rb:27:in `call'
rack (2.2.3) lib/rack/method_override.rb:24:in `call'
rack (2.2.3) lib/rack/runtime.rb:22:in `call'
activesupport (5.2.4.3) lib/active_support/cache/strategy/local_cache_middleware.rb:29:in `call'
actionpack (5.2.4.3) lib/action_dispatch/middleware/executor.rb:14:in `call'
actionpack (5.2.4.3) lib/action_dispatch/middleware/static.rb:127:in `call'
rack (2.2.3) lib/rack/sendfile.rb:110:in `call'
railties (5.2.4.3) lib/rails/engine.rb:524:in `call'
puma (3.12.6) lib/puma/configuration.rb:227:in `call'
puma (3.12.6) lib/puma/server.rb:706:in `handle_request'
puma (3.12.6) lib/puma/server.rb:476:in `process_client'
puma (3.12.6) lib/puma/server.rb:334:in `block in run'
puma (3.12.6) lib/puma/thread_pool.rb:135:in `block in spawn_thread'
Started GET "/cats/new" for ::1 at 2020-06-19 16:15:23 -0400
Processing by CatsController#new as HTML
  Rendering cats/new.html.erb within layouts/application
  Rendered cats/new.html.erb within layouts/application (6.8ms)
Completed 500 Internal Server Error in 24ms (ActiveRecord: 0.0ms)



ActionView::Template::Error - No route matches {:action=>"show", :controller=>"cats"}, missing required keys: [:id]:
  app/views/cats/new.html.erb:3:in `view template'

Started POST "/__better_errors/a1b79e1cd071bf47/variables" for ::1 at 2020-06-19 16:15:23 -0400
Started GET "/cats/new" for ::1 at 2020-06-19 16:16:08 -0400
Processing by CatsController#new as HTML
  Rendering cats/new.html.erb within layouts/application
  Rendered cats/new.html.erb within layouts/application (0.5ms)
Completed 200 OK in 44ms (Views: 37.7ms | ActiveRecord: 0.0ms)


Started GET "/cats/new" for ::1 at 2020-06-19 16:16:55 -0400
Processing by CatsController#new as HTML
  Rendering cats/new.html.erb within layouts/application
  Rendered cats/new.html.erb within layouts/application (0.5ms)
Completed 200 OK in 47ms (Views: 42.1ms | ActiveRecord: 0.0ms)


Started GET "/cats/new" for ::1 at 2020-06-19 16:16:56 -0400
Processing by CatsController#new as HTML
  Rendering cats/new.html.erb within layouts/application
  Rendered cats/new.html.erb within layouts/application (1.4ms)
Completed 200 OK in 32ms (Views: 28.2ms | ActiveRecord: 0.0ms)


Started GET "/cats/new" for ::1 at 2020-06-19 16:17:07 -0400
Processing by CatsController#new as HTML
  Rendering cats/new.html.erb within layouts/application
  Rendered cats/new.html.erb within layouts/application (0.5ms)
Completed 200 OK in 41ms (Views: 36.2ms | ActiveRecord: 0.0ms)


Started GET "/cats/new" for ::1 at 2020-06-19 16:17:52 -0400
Processing by CatsController#new as HTML
  Rendering cats/new.html.erb within layouts/application
  Rendered cats/new.html.erb within layouts/application (0.4ms)
Completed 200 OK in 38ms (Views: 32.9ms | ActiveRecord: 0.0ms)


Started GET "/cats/new" for ::1 at 2020-06-19 16:18:40 -0400
Processing by CatsController#new as HTML
  Rendering cats/new.html.erb within layouts/application
  Rendered cats/new.html.erb within layouts/application (0.4ms)
Completed 200 OK in 35ms (Views: 30.2ms | ActiveRecord: 0.0ms)


Started GET "/cats" for ::1 at 2020-06-19 16:25:42 -0400
Processing by CatsController#index as HTML
  Rendering cats/index.html.erb within layouts/application
  [1m[36mCat Load (1.3ms)[0m  [1m[34mSELECT "cats".* FROM "cats"[0m
  ↳ app/views/cats/index.html.erb:4
  Rendered cats/index.html.erb within layouts/application (28.2ms)
Completed 200 OK in 64ms (Views: 46.1ms | ActiveRecord: 15.2ms)


Started GET "/catnew" for ::1 at 2020-06-19 16:25:45 -0400
  
ActionController::RoutingError (No route matches [GET] "/catnew"):
  
actionpack (5.2.4.3) lib/action_dispatch/middleware/debug_exceptions.rb:65:in `call'
web-console (3.7.0) lib/web_console/middleware.rb:135:in `call_app'
web-console (3.7.0) lib/web_console/middleware.rb:30:in `block in call'
web-console (3.7.0) lib/web_console/middleware.rb:20:in `catch'
web-console (3.7.0) lib/web_console/middleware.rb:20:in `call'
actionpack (5.2.4.3) lib/action_dispatch/middleware/show_exceptions.rb:33:in `call'
railties (5.2.4.3) lib/rails/rack/logger.rb:38:in `call_app'
railties (5.2.4.3) lib/rails/rack/logger.rb:26:in `block in call'
activesupport (5.2.4.3) lib/active_support/tagged_logging.rb:71:in `block in tagged'
activesupport (5.2.4.3) lib/active_support/tagged_logging.rb:28:in `tagged'
activesupport (5.2.4.3) lib/active_support/tagged_logging.rb:71:in `tagged'
railties (5.2.4.3) lib/rails/rack/logger.rb:26:in `call'
sprockets-rails (3.2.1) lib/sprockets/rails/quiet_assets.rb:13:in `call'
actionpack (5.2.4.3) lib/action_dispatch/middleware/remote_ip.rb:81:in `call'
actionpack (5.2.4.3) lib/action_dispatch/middleware/request_id.rb:27:in `call'
rack (2.2.3) lib/rack/method_override.rb:24:in `call'
rack (2.2.3) lib/rack/runtime.rb:22:in `call'
activesupport (5.2.4.3) lib/active_support/cache/strategy/local_cache_middleware.rb:29:in `call'
actionpack (5.2.4.3) lib/action_dispatch/middleware/executor.rb:14:in `call'
actionpack (5.2.4.3) lib/action_dispatch/middleware/static.rb:127:in `call'
rack (2.2.3) lib/rack/sendfile.rb:110:in `call'
railties (5.2.4.3) lib/rails/engine.rb:524:in `call'
puma (3.12.6) lib/puma/configuration.rb:227:in `call'
puma (3.12.6) lib/puma/server.rb:706:in `handle_request'
puma (3.12.6) lib/puma/server.rb:476:in `process_client'
puma (3.12.6) lib/puma/server.rb:334:in `block in run'
puma (3.12.6) lib/puma/thread_pool.rb:135:in `block in spawn_thread'
Started GET "/cats/new" for ::1 at 2020-06-19 16:25:49 -0400
Processing by CatsController#new as HTML
  Rendering cats/new.html.erb within layouts/application
  Rendered cats/new.html.erb within layouts/application (0.5ms)
Completed 200 OK in 30ms (Views: 29.2ms | ActiveRecord: 0.0ms)


Started POST "/cats" for ::1 at 2020-06-19 16:26:17 -0400

AbstractController::ActionNotFound - The action 'create' could not be found for CatsController:

Started POST "/__better_errors/f73da86324826b56/variables" for ::1 at 2020-06-19 16:26:17 -0400
Started POST "/cats" for ::1 at 2020-06-19 16:29:09 -0400
Processing by CatsController#create as HTML
  Parameters: {"cat"=>{"name"=>"Mark", "sex"=>"on", "birth_date"=>"2017-06-22", "description"=>"Love to drink beer"}, "cat_color"=>"Yellow"}
Can't verify CSRF token authenticity.
Completed 422 Unprocessable Entity in 1ms (ActiveRecord: 0.0ms)



ActionController::InvalidAuthenticityToken - ActionController::InvalidAuthenticityToken:

Started POST "/__better_errors/248cc3aa778505b2/variables" for ::1 at 2020-06-19 16:29:09 -0400
Started GET "/cats" for ::1 at 2020-06-19 16:29:41 -0400
Processing by CatsController#index as HTML
  Rendering cats/index.html.erb within layouts/application
  [1m[36mCat Load (0.5ms)[0m  [1m[34mSELECT "cats".* FROM "cats"[0m
  ↳ app/views/cats/index.html.erb:4
  Rendered cats/index.html.erb within layouts/application (18.7ms)
Completed 200 OK in 69ms (Views: 48.0ms | ActiveRecord: 7.3ms)


Started GET "/cats/new" for ::1 at 2020-06-19 16:30:52 -0400
Processing by CatsController#new as HTML
  Rendering cats/new.html.erb within layouts/application
  Rendered cats/new.html.erb within layouts/application (0.5ms)
Completed 200 OK in 33ms (Views: 32.3ms | ActiveRecord: 0.0ms)


Started POST "/cats" for ::1 at 2020-06-19 16:31:06 -0400
Processing by CatsController#create as HTML
  Parameters: {"cat"=>{"name"=>"Mark", "sex"=>"on", "birth_date"=>"2018-07-03", "description"=>"Mark loves a beer or ten"}, "cat_color"=>"Yellow"}
Can't verify CSRF token authenticity.
Completed 422 Unprocessable Entity in 1ms (ActiveRecord: 0.0ms)



ActionController::InvalidAuthenticityToken - ActionController::InvalidAuthenticityToken:

Started POST "/__better_errors/db37637223622f42/variables" for ::1 at 2020-06-19 16:31:06 -0400
Started GET "/cats" for ::1 at 2020-06-19 16:32:41 -0400
  [1m[35m (2.2ms)[0m  [1m[34mSELECT "schema_migrations"."version" FROM "schema_migrations" ORDER BY "schema_migrations"."version" ASC[0m
  ↳ /Users/pure/.rbenv/versions/2.5.1/lib/ruby/gems/2.5.0/gems/activerecord-5.2.4.3/lib/active_record/log_subscriber.rb:98
Processing by CatsController#index as HTML
  Rendering cats/index.html.erb within layouts/application
  [1m[36mCat Load (0.7ms)[0m  [1m[34mSELECT "cats".* FROM "cats"[0m
  ↳ app/views/cats/index.html.erb:4
  Rendered cats/index.html.erb within layouts/application (34.8ms)
Completed 200 OK in 224ms (Views: 206.4ms | ActiveRecord: 10.4ms)


Started GET "/cats/new" for ::1 at 2020-06-19 16:32:45 -0400
Processing by CatsController#new as HTML
  Rendering cats/new.html.erb within layouts/application
  Rendered cats/new.html.erb within layouts/application (0.7ms)
Completed 200 OK in 35ms (Views: 33.7ms | ActiveRecord: 0.0ms)


Started POST "/cats" for ::1 at 2020-06-19 16:32:56 -0400
Processing by CatsController#create as HTML
  Parameters: {"cat"=>{"name"=>"Mark", "sex"=>"on", "birth_date"=>"2018-07-22", "description"=>"Love beer"}, "cat_color"=>"Yellow"}
  [1m[35m (0.3ms)[0m  [1m[35mBEGIN[0m
  ↳ app/controllers/cats_controller.rb:19
  [1m[35m (1.3ms)[0m  [1m[31mROLLBACK[0m
  ↳ app/controllers/cats_controller.rb:19
Completed 422 Unprocessable Entity in 21ms (Views: 0.3ms | ActiveRecord: 1.6ms)


Started POST "/cats" for ::1 at 2020-06-19 16:34:46 -0400
Processing by CatsController#create as HTML
  Parameters: {"cat"=>{"name"=>"Mark", "sex"=>"on", "birth_date"=>"2018-07-22", "description"=>"Love beer"}, "cat_color"=>"Yellow"}
Completed 500 Internal Server Error in 2ms (ActiveRecord: 0.0ms)



SyntaxError - syntax error, unexpected '{', expecting keyword_end
... validates :color, :inclusion { :in ["Orange", "Black", "Bro...
...                              ^
/Users/pure/Desktop/app.academy/projects/W6D5/cats/app/models/cat.rb:15: syntax error, unexpected '}', expecting keyword_end
... "Brown", "Yellow"].join(" ") }
...                              ^:
  app/models/cat.rb:15:in `'
  app/controllers/cats_controller.rb:18:in `create'

Started POST "/__better_errors/262d3db84e922ec1/variables" for ::1 at 2020-06-19 16:34:47 -0400
Started POST "/cats" for ::1 at 2020-06-19 16:35:05 -0400
Processing by CatsController#create as HTML
  Parameters: {"cat"=>{"name"=>"Mark", "sex"=>"on", "birth_date"=>"2018-07-22", "description"=>"Love beer"}, "cat_color"=>"Yellow"}
  [1m[35m (0.2ms)[0m  [1m[35mBEGIN[0m
  ↳ app/controllers/cats_controller.rb:19
  [1m[35m (0.2ms)[0m  [1m[31mROLLBACK[0m
  ↳ app/controllers/cats_controller.rb:19
Completed 500 Internal Server Error in 37ms (ActiveRecord: 8.8ms)



NoMethodError - undefined method `Orange Black Brown Yellow' for #<Cat:0x00007fbb053e1c38>:
  app/controllers/cats_controller.rb:19:in `create'

Started POST "/__better_errors/3941332c470e6de1/variables" for ::1 at 2020-06-19 16:35:05 -0400
Started POST "/cats" for ::1 at 2020-06-19 16:37:01 -0400
Processing by CatsController#create as HTML
  Parameters: {"cat"=>{"name"=>"Mark", "sex"=>"on", "birth_date"=>"2018-07-22", "description"=>"Love beer"}, "cat_color"=>"Yellow"}
  [1m[35m (0.2ms)[0m  [1m[35mBEGIN[0m
  ↳ app/controllers/cats_controller.rb:19
  [1m[35m (0.5ms)[0m  [1m[31mROLLBACK[0m
  ↳ app/controllers/cats_controller.rb:19
Completed 422 Unprocessable Entity in 27ms (Views: 0.2ms | ActiveRecord: 7.9ms)


Started POST "/cats" for ::1 at 2020-06-19 16:38:19 -0400
Processing by CatsController#create as HTML
  Parameters: {"cat"=>{"name"=>"Mark", "sex"=>"on", "birth_date"=>"2018-07-22", "description"=>"Love beer"}, "cat_color"=>"Yellow"}
  [1m[35m (0.2ms)[0m  [1m[35mBEGIN[0m
  ↳ app/controllers/cats_controller.rb:19
  [1m[35m (0.2ms)[0m  [1m[31mROLLBACK[0m
  ↳ app/controllers/cats_controller.rb:19
Completed 422 Unprocessable Entity in 4ms (Views: 0.1ms | ActiveRecord: 0.3ms)


Started GET "/cats/new" for ::1 at 2020-06-19 16:38:33 -0400
Processing by CatsController#new as HTML
  Rendering cats/new.html.erb within layouts/application
  Rendered cats/new.html.erb within layouts/application (0.6ms)
Completed 200 OK in 43ms (Views: 41.8ms | ActiveRecord: 0.0ms)


Started POST "/cats" for ::1 at 2020-06-19 16:38:45 -0400
Processing by CatsController#create as HTML
  Parameters: {"cat"=>{"name"=>"Mark", "sex"=>"on", "birth_date"=>"2018-07-22", "color"=>"Yellow", "description"=>"Love beer "}}
  [1m[35m (0.2ms)[0m  [1m[35mBEGIN[0m
  ↳ app/controllers/cats_controller.rb:19
  [1m[36mCat Create (5.8ms)[0m  [1m[32mINSERT INTO "cats" ("birth_date", "color", "name", "sex", "description", "created_at", "updated_at") VALUES ($1, $2, $3, $4, $5, $6, $7) RETURNING "id"[0m  [["birth_date", "2018-07-22"], ["color", "Yellow"], ["name", "Mark"], ["sex", "on"], ["description", "Love beer "], ["created_at", "2020-06-19 20:38:45.015769"], ["updated_at", "2020-06-19 20:38:45.015769"]]
  ↳ app/controllers/cats_controller.rb:19
  [1m[35m (0.2ms)[0m  [1m[31mROLLBACK[0m
  ↳ app/controllers/cats_controller.rb:19
Completed 500 Internal Server Error in 10ms (ActiveRecord: 6.2ms)



ActiveRecord::ValueTooLong - PG::StringDataRightTruncation: ERROR:  value too long for type character varying(1)
: INSERT INTO "cats" ("birth_date", "color", "name", "sex", "description", "created_at", "updated_at") VALUES ($1, $2, $3, $4, $5, $6, $7) RETURNING "id":
  app/controllers/cats_controller.rb:19:in `create'

Started POST "/__better_errors/72552ba80989ff1a/variables" for ::1 at 2020-06-19 16:38:45 -0400
Started GET "/cats/new" for ::1 at 2020-06-19 16:41:59 -0400
Processing by CatsController#new as HTML
  Rendering cats/new.html.erb within layouts/application
  Rendered cats/new.html.erb within layouts/application (0.7ms)
Completed 200 OK in 40ms (Views: 39.2ms | ActiveRecord: 0.0ms)


Started POST "/cats" for ::1 at 2020-06-19 16:42:16 -0400
Processing by CatsController#create as HTML
  Parameters: {"cat"=>{"name"=>"Mark", "sex"=>"M", "birth_date"=>"2018-07-22", "color"=>"Yellow", "description"=>"He drinks alone"}}
  [1m[35m (0.2ms)[0m  [1m[35mBEGIN[0m
  ↳ app/controllers/cats_controller.rb:19
  [1m[36mCat Create (1.4ms)[0m  [1m[32mINSERT INTO "cats" ("birth_date", "color", "name", "sex", "description", "created_at", "updated_at") VALUES ($1, $2, $3, $4, $5, $6, $7) RETURNING "id"[0m  [["birth_date", "2018-07-22"], ["color", "Yellow"], ["name", "Mark"], ["sex", "M"], ["description", "He drinks alone"], ["created_at", "2020-06-19 20:42:16.075315"], ["updated_at", "2020-06-19 20:42:16.075315"]]
  ↳ app/controllers/cats_controller.rb:19
  [1m[35m (0.5ms)[0m  [1m[35mCOMMIT[0m
  ↳ app/controllers/cats_controller.rb:19
Redirected to http://localhost:3000/cats/4
Completed 302 Found in 6ms (ActiveRecord: 2.0ms)


Started GET "/cats/4" for ::1 at 2020-06-19 16:42:16 -0400
Processing by CatsController#show as HTML
  Parameters: {"id"=>"4"}
  [1m[36mCat Load (0.4ms)[0m  [1m[34mSELECT  "cats".* FROM "cats" WHERE "cats"."id" = $1 LIMIT $2[0m  [["id", 4], ["LIMIT", 1]]
  ↳ app/controllers/cats_controller.rb:8
  Rendering cats/show.html.erb within layouts/application
  Rendered cats/show.html.erb within layouts/application (0.6ms)
Completed 200 OK in 60ms (Views: 37.6ms | ActiveRecord: 1.3ms)


  [1m[36mCat Load (1.2ms)[0m  [1m[34mSELECT "cats".* FROM "cats"[0m
Started GET "/cats" for ::1 at 2020-06-19 16:59:10 -0400
  [1m[35m (2.4ms)[0m  [1m[34mSELECT "schema_migrations"."version" FROM "schema_migrations" ORDER BY "schema_migrations"."version" ASC[0m
  ↳ /Users/pure/.rbenv/versions/2.5.1/lib/ruby/gems/2.5.0/gems/activerecord-5.2.4.3/lib/active_record/log_subscriber.rb:98
Processing by CatsController#index as HTML
  Rendering cats/index.html.erb within layouts/application
  [1m[36mCat Load (1.2ms)[0m  [1m[34mSELECT "cats".* FROM "cats"[0m
  ↳ app/views/cats/index.html.erb:4
  Rendered cats/index.html.erb within layouts/application (33.8ms)
Completed 200 OK in 287ms (Views: 265.3ms | ActiveRecord: 12.6ms)


Started GET "/cats" for 127.0.0.1 at 2020-06-19 16:59:18 -0400
Processing by CatsController#index as HTML
  Rendering cats/index.html.erb within layouts/application
  [1m[36mCat Load (1.2ms)[0m  [1m[34mSELECT "cats".* FROM "cats"[0m
  ↳ app/views/cats/index.html.erb:4
  Rendered cats/index.html.erb within layouts/application (4.5ms)
Completed 200 OK in 31ms (Views: 28.9ms | ActiveRecord: 1.2ms)


Started GET "/cats/edit" for ::1 at 2020-06-19 16:59:19 -0400
Processing by CatsController#show as HTML
  Parameters: {"id"=>"edit"}
  [1m[36mCat Load (0.4ms)[0m  [1m[34mSELECT  "cats".* FROM "cats" WHERE "cats"."id" = $1 LIMIT $2[0m  [["id", 0], ["LIMIT", 1]]
  ↳ app/controllers/cats_controller.rb:8
  Rendering cats/show.html.erb within layouts/application
  Rendered cats/show.html.erb within layouts/application (7.5ms)
Completed 500 Internal Server Error in 26ms (ActiveRecord: 0.6ms)



ActionView::Template::Error - undefined method `name' for nil:NilClass:
  app/views/cats/show.html.erb:5:in `view template'
  app/controllers/cats_controller.rb:9:in `show'

Started POST "/__better_errors/a38cf570acddc487/variables" for ::1 at 2020-06-19 16:59:19 -0400
Started GET "/cats/3/edit" for ::1 at 2020-06-19 16:59:29 -0400
Processing by CatsController#edit as HTML
  Parameters: {"id"=>"3"}
  [1m[36mCat Load (0.4ms)[0m  [1m[34mSELECT  "cats".* FROM "cats" WHERE "cats"."id" = $1 LIMIT $2[0m  [["id", 3], ["LIMIT", 1]]
  ↳ app/controllers/cats_controller.rb:27
  Rendering cats/edit.html.erb within layouts/application
  Rendered cats/edit.html.erb within layouts/application (18.5ms)
Completed 500 Internal Server Error in 32ms (ActiveRecord: 0.4ms)



ActionView::Template::Error - undefined method `brith_date' for #<Cat:0x00007fe77384f3c0>
Did you mean?  birth_date
               birth_date?
               birth_date=:
  app/views/cats/edit.html.erb:18:in `view template'
  app/controllers/cats_controller.rb:28:in `edit'

Started POST "/__better_errors/64c98f3581eac772/variables" for ::1 at 2020-06-19 16:59:30 -0400
Started GET "/cats/3/edit" for ::1 at 2020-06-19 17:00:13 -0400
Processing by CatsController#edit as HTML
  Parameters: {"id"=>"3"}
  [1m[36mCat Load (0.5ms)[0m  [1m[34mSELECT  "cats".* FROM "cats" WHERE "cats"."id" = $1 LIMIT $2[0m  [["id", 3], ["LIMIT", 1]]
  ↳ app/controllers/cats_controller.rb:27
  Rendering cats/edit.html.erb within layouts/application
  Rendered cats/edit.html.erb within layouts/application (1.1ms)
Completed 200 OK in 42ms (Views: 40.0ms | ActiveRecord: 0.5ms)


Started GET "/cats/4/edit" for ::1 at 2020-06-19 17:00:28 -0400
Processing by CatsController#edit as HTML
  Parameters: {"id"=>"4"}
  [1m[36mCat Load (0.4ms)[0m  [1m[34mSELECT  "cats".* FROM "cats" WHERE "cats"."id" = $1 LIMIT $2[0m  [["id", 4], ["LIMIT", 1]]
  ↳ app/controllers/cats_controller.rb:27
  Rendering cats/edit.html.erb within layouts/application
  Rendered cats/edit.html.erb within layouts/application (2.3ms)
Completed 200 OK in 58ms (Views: 55.7ms | ActiveRecord: 0.4ms)


Started GET "/cats/2/edit" for ::1 at 2020-06-19 17:01:08 -0400
Processing by CatsController#edit as HTML
  Parameters: {"id"=>"2"}
  [1m[36mCat Load (0.4ms)[0m  [1m[34mSELECT  "cats".* FROM "cats" WHERE "cats"."id" = $1 LIMIT $2[0m  [["id", 2], ["LIMIT", 1]]
  ↳ app/controllers/cats_controller.rb:27
  Rendering cats/edit.html.erb within layouts/application
  Rendered cats/edit.html.erb within layouts/application (1.8ms)
Completed 200 OK in 43ms (Views: 40.9ms | ActiveRecord: 0.4ms)


Started POST "/cats" for ::1 at 2020-06-19 17:01:28 -0400
Processing by CatsController#create as HTML
  Parameters: {"edit_cat"=>"PATCH", "cat"=>{"name"=>"sam", "birth_date"=>"2010-06-19", "color"=>"Black", "description"=>"Sam has no switched from reading to whiskey"}}
  [1m[35m (2.9ms)[0m  [1m[35mBEGIN[0m
  ↳ app/controllers/cats_controller.rb:19
  [1m[36mCat Create (14.0ms)[0m  [1m[32mINSERT INTO "cats" ("birth_date", "color", "name", "description", "created_at", "updated_at") VALUES ($1, $2, $3, $4, $5, $6) RETURNING "id"[0m  [["birth_date", "2010-06-19"], ["color", "Black"], ["name", "sam"], ["description", "Sam has no switched from reading to whiskey"], ["created_at", "2020-06-19 21:01:28.752613"], ["updated_at", "2020-06-19 21:01:28.752613"]]
  ↳ app/controllers/cats_controller.rb:19
  [1m[35m (1.4ms)[0m  [1m[31mROLLBACK[0m
  ↳ app/controllers/cats_controller.rb:19
Completed 500 Internal Server Error in 26ms (ActiveRecord: 18.4ms)



ActiveRecord::NotNullViolation - PG::NotNullViolation: ERROR:  null value in column "sex" violates not-null constraint
DETAIL:  Failing row contains (5, 2010-06-19, Black, sam, null, Sam has no switched from reading to whiskey, 2020-06-19 21:01:28.752613, 2020-06-19 21:01:28.752613).
: INSERT INTO "cats" ("birth_date", "color", "name", "description", "created_at", "updated_at") VALUES ($1, $2, $3, $4, $5, $6) RETURNING "id":
  app/controllers/cats_controller.rb:19:in `create'

Started POST "/__better_errors/63f4c877f5d5b403/variables" for ::1 at 2020-06-19 17:01:28 -0400
Started GET "/cats" for ::1 at 2020-06-19 17:02:10 -0400
Processing by CatsController#index as HTML
  Rendering cats/index.html.erb within layouts/application
  [1m[36mCat Load (0.4ms)[0m  [1m[34mSELECT "cats".* FROM "cats"[0m
  ↳ app/views/cats/index.html.erb:4
  Rendered cats/index.html.erb within layouts/application (2.0ms)
Completed 200 OK in 36ms (Views: 34.7ms | ActiveRecord: 0.4ms)


Started GET "/cats/4/edit" for ::1 at 2020-06-19 17:02:15 -0400
Processing by CatsController#edit as HTML
  Parameters: {"id"=>"4"}
  [1m[36mCat Load (0.4ms)[0m  [1m[34mSELECT  "cats".* FROM "cats" WHERE "cats"."id" = $1 LIMIT $2[0m  [["id", 4], ["LIMIT", 1]]
  ↳ app/controllers/cats_controller.rb:27
  Rendering cats/edit.html.erb within layouts/application
  Rendered cats/edit.html.erb within layouts/application (1.0ms)
Completed 200 OK in 34ms (Views: 32.6ms | ActiveRecord: 0.4ms)


Started GET "/cats/4/edit" for ::1 at 2020-06-19 17:02:18 -0400
Processing by CatsController#edit as HTML
  Parameters: {"id"=>"4"}
  [1m[36mCat Load (0.4ms)[0m  [1m[34mSELECT  "cats".* FROM "cats" WHERE "cats"."id" = $1 LIMIT $2[0m  [["id", 4], ["LIMIT", 1]]
  ↳ app/controllers/cats_controller.rb:27
  Rendering cats/edit.html.erb within layouts/application
  Rendered cats/edit.html.erb within layouts/application (1.0ms)
Completed 200 OK in 44ms (Views: 42.2ms | ActiveRecord: 0.4ms)


Started GET "/cats/2/edit" for ::1 at 2020-06-19 17:08:36 -0400
Processing by CatsController#edit as HTML
  Parameters: {"id"=>"2"}
  [1m[36mCat Load (0.9ms)[0m  [1m[34mSELECT  "cats".* FROM "cats" WHERE "cats"."id" = $1 LIMIT $2[0m  [["id", 2], ["LIMIT", 1]]
  ↳ app/controllers/cats_controller.rb:27
  Rendering cats/edit.html.erb within layouts/application
  Rendered cats/edit.html.erb within layouts/application (376.9ms)
Completed 500 Internal Server Error in 393ms (ActiveRecord: 1.3ms)



ActionView::Template::Error - undefined local variable or method `checked' for #<#<Class:0x00007fe76a1d4378>:0x00007fe76758b370>
Did you mean?  check_box:
  app/views/cats/edit.html.erb:10:in `view template'
  app/controllers/cats_controller.rb:28:in `edit'

Started POST "/__better_errors/e366eb95c8c4d9cf/variables" for ::1 at 2020-06-19 17:08:36 -0400
Started GET "/cats/2/edit" for ::1 at 2020-06-19 17:08:49 -0400
Processing by CatsController#edit as HTML
  Parameters: {"id"=>"2"}
  [1m[36mCat Load (0.6ms)[0m  [1m[34mSELECT  "cats".* FROM "cats" WHERE "cats"."id" = $1 LIMIT $2[0m  [["id", 2], ["LIMIT", 1]]
  ↳ app/controllers/cats_controller.rb:27
  Rendering cats/edit.html.erb within layouts/application
  Rendered cats/edit.html.erb within layouts/application (1.8ms)
Completed 200 OK in 41ms (Views: 39.5ms | ActiveRecord: 0.6ms)


Started GET "/cats/4/edit" for ::1 at 2020-06-19 17:08:59 -0400
Processing by CatsController#edit as HTML
  Parameters: {"id"=>"4"}
  [1m[36mCat Load (0.4ms)[0m  [1m[34mSELECT  "cats".* FROM "cats" WHERE "cats"."id" = $1 LIMIT $2[0m  [["id", 4], ["LIMIT", 1]]
  ↳ app/controllers/cats_controller.rb:27
  Rendering cats/edit.html.erb within layouts/application
  Rendered cats/edit.html.erb within layouts/application (0.9ms)
Completed 200 OK in 36ms (Views: 34.2ms | ActiveRecord: 0.4ms)


Started GET "/cats/4/edit" for ::1 at 2020-06-19 17:09:07 -0400
Processing by CatsController#edit as HTML
  Parameters: {"id"=>"4"}
  [1m[36mCat Load (0.6ms)[0m  [1m[34mSELECT  "cats".* FROM "cats" WHERE "cats"."id" = $1 LIMIT $2[0m  [["id", 4], ["LIMIT", 1]]
  ↳ app/controllers/cats_controller.rb:27
  Rendering cats/edit.html.erb within layouts/application
  Rendered cats/edit.html.erb within layouts/application (0.7ms)
Completed 200 OK in 34ms (Views: 31.6ms | ActiveRecord: 0.6ms)


Started GET "/cats/4/edit" for ::1 at 2020-06-19 17:09:08 -0400
Processing by CatsController#edit as HTML
  Parameters: {"id"=>"4"}
  [1m[36mCat Load (0.5ms)[0m  [1m[34mSELECT  "cats".* FROM "cats" WHERE "cats"."id" = $1 LIMIT $2[0m  [["id", 4], ["LIMIT", 1]]
  ↳ app/controllers/cats_controller.rb:27
  Rendering cats/edit.html.erb within layouts/application
  Rendered cats/edit.html.erb within layouts/application (0.7ms)
Completed 200 OK in 32ms (Views: 30.6ms | ActiveRecord: 0.5ms)


Started GET "/cats/" for ::1 at 2020-06-19 17:09:11 -0400
Processing by CatsController#index as HTML
  Rendering cats/index.html.erb within layouts/application
  [1m[36mCat Load (0.6ms)[0m  [1m[34mSELECT "cats".* FROM "cats"[0m
  ↳ app/views/cats/index.html.erb:4
  Rendered cats/index.html.erb within layouts/application (4.9ms)
Completed 200 OK in 40ms (Views: 39.1ms | ActiveRecord: 0.6ms)


Started GET "/cats/4" for ::1 at 2020-06-19 17:09:12 -0400
Processing by CatsController#show as HTML
  Parameters: {"id"=>"4"}
  [1m[36mCat Load (0.4ms)[0m  [1m[34mSELECT  "cats".* FROM "cats" WHERE "cats"."id" = $1 LIMIT $2[0m  [["id", 4], ["LIMIT", 1]]
  ↳ app/controllers/cats_controller.rb:8
  Rendering cats/show.html.erb within layouts/application
  Rendered cats/show.html.erb within layouts/application (0.8ms)
Completed 200 OK in 55ms (Views: 53.1ms | ActiveRecord: 0.4ms)


Started GET "/cats/4/edit" for ::1 at 2020-06-19 17:09:17 -0400
Processing by CatsController#edit as HTML
  Parameters: {"id"=>"4"}
  [1m[36mCat Load (0.4ms)[0m  [1m[34mSELECT  "cats".* FROM "cats" WHERE "cats"."id" = $1 LIMIT $2[0m  [["id", 4], ["LIMIT", 1]]
  ↳ app/controllers/cats_controller.rb:27
  Rendering cats/edit.html.erb within layouts/application
  Rendered cats/edit.html.erb within layouts/application (1.4ms)
Completed 200 OK in 48ms (Views: 46.1ms | ActiveRecord: 0.4ms)


Started GET "/cats/4/edit" for ::1 at 2020-06-19 17:09:36 -0400
Processing by CatsController#edit as HTML
  Parameters: {"id"=>"4"}
  [1m[36mCat Load (0.3ms)[0m  [1m[34mSELECT  "cats".* FROM "cats" WHERE "cats"."id" = $1 LIMIT $2[0m  [["id", 4], ["LIMIT", 1]]
  ↳ app/controllers/cats_controller.rb:27
  Rendering cats/edit.html.erb within layouts/application
  Rendered cats/edit.html.erb within layouts/application (1.5ms)
Completed 200 OK in 42ms (Views: 40.4ms | ActiveRecord: 0.3ms)


Started GET "/cats/2/edit" for ::1 at 2020-06-19 17:09:44 -0400
Processing by CatsController#edit as HTML
  Parameters: {"id"=>"2"}
  [1m[36mCat Load (0.3ms)[0m  [1m[34mSELECT  "cats".* FROM "cats" WHERE "cats"."id" = $1 LIMIT $2[0m  [["id", 2], ["LIMIT", 1]]
  ↳ app/controllers/cats_controller.rb:27
  Rendering cats/edit.html.erb within layouts/application
  Rendered cats/edit.html.erb within layouts/application (0.6ms)
Completed 200 OK in 40ms (Views: 38.4ms | ActiveRecord: 0.3ms)


Started GET "/cats/" for ::1 at 2020-06-19 17:09:49 -0400
Processing by CatsController#index as HTML
  Rendering cats/index.html.erb within layouts/application
  [1m[36mCat Load (0.5ms)[0m  [1m[34mSELECT "cats".* FROM "cats"[0m
  ↳ app/views/cats/index.html.erb:4
  Rendered cats/index.html.erb within layouts/application (3.3ms)
Completed 200 OK in 39ms (Views: 37.5ms | ActiveRecord: 0.5ms)


Started GET "/cats/3" for ::1 at 2020-06-19 17:09:51 -0400
Processing by CatsController#show as HTML
  Parameters: {"id"=>"3"}
  [1m[36mCat Load (0.6ms)[0m  [1m[34mSELECT  "cats".* FROM "cats" WHERE "cats"."id" = $1 LIMIT $2[0m  [["id", 3], ["LIMIT", 1]]
  ↳ app/controllers/cats_controller.rb:8
  Rendering cats/show.html.erb within layouts/application
  Rendered cats/show.html.erb within layouts/application (1.0ms)
Completed 200 OK in 48ms (Views: 45.4ms | ActiveRecord: 0.6ms)


Started GET "/cats/3/edit" for ::1 at 2020-06-19 17:09:56 -0400
Processing by CatsController#edit as HTML
  Parameters: {"id"=>"3"}
  [1m[36mCat Load (0.3ms)[0m  [1m[34mSELECT  "cats".* FROM "cats" WHERE "cats"."id" = $1 LIMIT $2[0m  [["id", 3], ["LIMIT", 1]]
  ↳ app/controllers/cats_controller.rb:27
  Rendering cats/edit.html.erb within layouts/application
  Rendered cats/edit.html.erb within layouts/application (2.0ms)
Completed 200 OK in 51ms (Views: 49.8ms | ActiveRecord: 0.3ms)


